{"total": {"lines":{"total":307,"covered":174,"skipped":0,"pct":56.68},"statements":{"total":310,"covered":175,"skipped":0,"pct":56.45},"functions":{"total":91,"covered":29,"skipped":0,"pct":31.87},"branches":{"total":126,"covered":54,"skipped":0,"pct":42.86}}
,"/Users/williammriley/Sites/personal/@stellar/core/src/components/accordion/accordion.tsx": {"lines":{"total":35,"covered":14,"skipped":0,"pct":40},"functions":{"total":16,"covered":3,"skipped":0,"pct":18.75},"statements":{"total":35,"covered":14,"skipped":0,"pct":40},"branches":{"total":8,"covered":0,"skipped":0,"pct":0}}
,"/Users/williammriley/Sites/personal/@stellar/core/src/components/asset/asset.tsx": {"lines":{"total":8,"covered":8,"skipped":0,"pct":100},"functions":{"total":3,"covered":3,"skipped":0,"pct":100},"statements":{"total":8,"covered":8,"skipped":0,"pct":100},"branches":{"total":8,"covered":8,"skipped":0,"pct":100}}
,"/Users/williammriley/Sites/personal/@stellar/core/src/components/avatar/avatar.tsx": {"lines":{"total":42,"covered":42,"skipped":0,"pct":100},"functions":{"total":6,"covered":6,"skipped":0,"pct":100},"statements":{"total":42,"covered":42,"skipped":0,"pct":100},"branches":{"total":28,"covered":23,"skipped":0,"pct":82.14}}
,"/Users/williammriley/Sites/personal/@stellar/core/src/components/blur/blur.tsx": {"lines":{"total":28,"covered":17,"skipped":0,"pct":60.71},"functions":{"total":11,"covered":5,"skipped":0,"pct":45.45},"statements":{"total":28,"covered":17,"skipped":0,"pct":60.71},"branches":{"total":14,"covered":6,"skipped":0,"pct":42.86}}
,"/Users/williammriley/Sites/personal/@stellar/core/src/components/breadcrumb/breadcrumb.tsx": {"lines":{"total":8,"covered":6,"skipped":0,"pct":75},"functions":{"total":3,"covered":1,"skipped":0,"pct":33.33},"statements":{"total":8,"covered":6,"skipped":0,"pct":75},"branches":{"total":0,"covered":0,"skipped":0,"pct":100}}
,"/Users/williammriley/Sites/personal/@stellar/core/src/components/breadcrumbs/breadcrumbs.tsx": {"lines":{"total":15,"covered":8,"skipped":0,"pct":53.33},"functions":{"total":5,"covered":1,"skipped":0,"pct":20},"statements":{"total":15,"covered":8,"skipped":0,"pct":53.33},"branches":{"total":0,"covered":0,"skipped":0,"pct":100}}
,"/Users/williammriley/Sites/personal/@stellar/core/src/components/button/button.tsx": {"lines":{"total":43,"covered":23,"skipped":0,"pct":53.49},"functions":{"total":14,"covered":3,"skipped":0,"pct":21.43},"statements":{"total":43,"covered":23,"skipped":0,"pct":53.49},"branches":{"total":28,"covered":7,"skipped":0,"pct":25}}
,"/Users/williammriley/Sites/personal/@stellar/core/src/components/card/card.tsx": {"lines":{"total":69,"covered":14,"skipped":0,"pct":20.29},"functions":{"total":17,"covered":1,"skipped":0,"pct":5.88},"statements":{"total":71,"covered":14,"skipped":0,"pct":19.72},"branches":{"total":24,"covered":0,"skipped":0,"pct":0}}
,"/Users/williammriley/Sites/personal/@stellar/core/src/components/copy-wrap/copy-wrap.tsx": {"lines":{"total":5,"covered":4,"skipped":0,"pct":80},"functions":{"total":2,"covered":1,"skipped":0,"pct":50},"statements":{"total":5,"covered":4,"skipped":0,"pct":80},"branches":{"total":0,"covered":0,"skipped":0,"pct":100}}
,"/Users/williammriley/Sites/personal/@stellar/core/src/components/layout/layout.tsx": {"lines":{"total":13,"covered":3,"skipped":0,"pct":23.08},"functions":{"total":5,"covered":0,"skipped":0,"pct":0},"statements":{"total":13,"covered":3,"skipped":0,"pct":23.08},"branches":{"total":0,"covered":0,"skipped":0,"pct":100}}
,"/Users/williammriley/Sites/personal/@stellar/core/src/components/tooltip/tooltip.tsx": {"lines":{"total":4,"covered":4,"skipped":0,"pct":100},"functions":{"total":2,"covered":2,"skipped":0,"pct":100},"statements":{"total":4,"covered":4,"skipped":0,"pct":100},"branches":{"total":0,"covered":0,"skipped":0,"pct":100}}
,"/Users/williammriley/Sites/personal/@stellar/core/src/global/colors.ts": {"lines":{"total":1,"covered":1,"skipped":0,"pct":100},"functions":{"total":0,"covered":0,"skipped":0,"pct":100},"statements":{"total":1,"covered":1,"skipped":0,"pct":100},"branches":{"total":0,"covered":0,"skipped":0,"pct":100}}
,"/Users/williammriley/Sites/personal/@stellar/core/src/utils/index.ts": {"lines":{"total":29,"covered":23,"skipped":0,"pct":79.31},"functions":{"total":6,"covered":2,"skipped":0,"pct":33.33},"statements":{"total":30,"covered":24,"skipped":0,"pct":80},"branches":{"total":16,"covered":10,"skipped":0,"pct":62.5}}
,"/Users/williammriley/Sites/personal/@stellar/core/src/utils/test.ts": {"lines":{"total":7,"covered":7,"skipped":0,"pct":100},"functions":{"total":1,"covered":1,"skipped":0,"pct":100},"statements":{"total":7,"covered":7,"skipped":0,"pct":100},"branches":{"total":0,"covered":0,"skipped":0,"pct":100}}
}
