TN:
SF:/Users/williammriley/Sites/personal/@stellar/core/src/components/accordion/accordion.tsx
FN:4,(anonymous_0)
FN:23,(anonymous_1)
FN:26,(anonymous_2)
FN:36,(anonymous_3)
FN:37,(anonymous_4)
FN:48,(anonymous_5)
FN:57,(anonymous_6)
FN:63,(anonymous_7)
FN:68,(anonymous_8)
FN:72,(anonymous_9)
FN:76,(anonymous_10)
FN:80,(anonymous_11)
FN:81,(anonymous_12)
FN:86,(anonymous_13)
FN:92,(anonymous_14)
FN:95,(anonymous_15)
FNF:16
FNH:3
FNDA:1,(anonymous_0)
FNDA:0,(anonymous_1)
FNDA:0,(anonymous_2)
FNDA:0,(anonymous_3)
FNDA:0,(anonymous_4)
FNDA:0,(anonymous_5)
FNDA:0,(anonymous_6)
FNDA:0,(anonymous_7)
FNDA:0,(anonymous_8)
FNDA:0,(anonymous_9)
FNDA:0,(anonymous_10)
FNDA:1,(anonymous_11)
FNDA:0,(anonymous_12)
FNDA:1,(anonymous_13)
FNDA:0,(anonymous_14)
FNDA:0,(anonymous_15)
DA:1,1
DA:2,1
DA:4,1
DA:12,1
DA:13,1
DA:15,1
DA:16,1
DA:18,1
DA:19,1
DA:24,0
DA:27,0
DA:28,0
DA:34,1
DA:37,0
DA:38,0
DA:39,0
DA:40,0
DA:45,0
DA:49,0
DA:50,0
DA:51,0
DA:52,0
DA:53,0
DA:58,0
DA:65,0
DA:69,0
DA:73,0
DA:77,0
DA:81,1
DA:82,0
DA:87,1
DA:88,1
DA:89,1
DA:93,0
DA:95,0
LF:35
LH:14
BRDA:39,0,0,0
BRDA:39,0,1,0
BRDA:77,1,0,0
BRDA:77,1,1,0
BRDA:82,2,0,0
BRDA:82,2,1,0
BRDA:103,3,0,0
BRDA:103,3,1,0
BRF:8
BRH:0
end_of_record
TN:
SF:/Users/williammriley/Sites/personal/@stellar/core/src/components/asset/asset.tsx
FN:4,(anonymous_0)
FN:16,(anonymous_1)
FN:25,(anonymous_2)
FNF:3
FNH:3
FNDA:1,(anonymous_0)
FNDA:1,(anonymous_1)
FNDA:2,(anonymous_2)
DA:1,1
DA:2,1
DA:4,1
DA:11,1
DA:12,1
DA:17,1
DA:23,1
DA:26,2
LF:8
LH:8
BRDA:28,0,0,1
BRDA:28,0,1,1
BRDA:28,1,0,2
BRDA:28,1,1,1
BRDA:28,2,0,1
BRDA:28,2,1,1
BRDA:28,3,0,2
BRDA:28,3,1,1
BRF:8
BRH:8
end_of_record
TN:
SF:/Users/williammriley/Sites/personal/@stellar/core/src/components/avatar/avatar.tsx
FN:4,(anonymous_0)
FN:24,(anonymous_1)
FN:25,(anonymous_2)
FN:38,(anonymous_3)
FN:61,(anonymous_4)
FN:90,(anonymous_5)
FNF:6
FNH:6
FNDA:1,(anonymous_0)
FNDA:1,(anonymous_1)
FNDA:16,(anonymous_2)
FNDA:6,(anonymous_3)
FNDA:6,(anonymous_4)
FNDA:1,(anonymous_5)
DA:1,1
DA:2,1
DA:4,1
DA:13,1
DA:14,1
DA:15,1
DA:16,1
DA:17,1
DA:18,1
DA:19,1
DA:21,1
DA:25,1
DA:27,16
DA:30,1
DA:31,1
DA:34,1
DA:39,6
DA:40,6
DA:41,6
DA:43,6
DA:44,6
DA:45,1
DA:47,5
DA:48,5
DA:49,5
DA:53,6
DA:62,6
DA:63,1
DA:64,1
DA:67,5
DA:68,5
DA:69,5
DA:72,5
DA:73,1
DA:75,4
DA:76,4
DA:77,3
DA:79,1
DA:83,5
DA:84,1
DA:87,5
DA:91,1
LF:42
LH:42
BRDA:30,0,0,1
BRDA:30,0,1,0
BRDA:43,1,0,6
BRDA:43,1,1,0
BRDA:44,2,0,1
BRDA:44,2,1,5
BRDA:62,3,0,1
BRDA:62,3,1,5
BRDA:67,4,0,5
BRDA:67,4,1,0
BRDA:67,5,0,5
BRDA:67,5,1,4
BRDA:72,6,0,1
BRDA:72,6,1,4
BRDA:76,7,0,3
BRDA:76,7,1,1
BRDA:76,8,0,4
BRDA:76,8,1,4
BRDA:83,9,0,1
BRDA:83,9,1,4
BRDA:83,10,0,5
BRDA:83,10,1,4
BRDA:93,11,0,1
BRDA:93,11,1,1
BRDA:97,12,0,1
BRDA:97,12,1,0
BRDA:99,13,0,1
BRDA:99,13,1,0
BRF:28
BRH:23
end_of_record
TN:
SF:/Users/williammriley/Sites/personal/@stellar/core/src/components/blur/blur.tsx
FN:4,(anonymous_1)
FN:16,(anonymous_2)
FN:22,(anonymous_3)
FN:27,(anonymous_4)
FN:28,(anonymous_5)
FN:56,(anonymous_6)
FN:62,(anonymous_7)
FN:66,(anonymous_8)
FN:72,(anonymous_9)
FN:73,getRandomInt
FN:82,(anonymous_11)
FNF:11
FNH:5
FNDA:1,(anonymous_1)
FNDA:0,(anonymous_2)
FNDA:1,(anonymous_3)
FNDA:1,(anonymous_4)
FNDA:1,(anonymous_5)
FNDA:0,(anonymous_6)
FNDA:1,(anonymous_7)
FNDA:0,(anonymous_8)
FNDA:0,(anonymous_9)
FNDA:0,getRandomInt
FNDA:0,(anonymous_11)
DA:1,1
DA:2,1
DA:4,1
DA:11,1
DA:12,1
DA:17,0
DA:23,1
DA:28,1
DA:31,1
DA:32,1
DA:33,0
DA:36,1
DA:38,1
DA:42,0
DA:45,1
DA:48,1
DA:49,1
DA:52,1
DA:57,0
DA:63,1
DA:64,1
DA:66,0
DA:67,0
DA:74,0
DA:75,0
DA:76,0
DA:79,0
DA:83,0
LF:28
LH:17
BRDA:18,0,0,0
BRDA:18,0,1,0
BRDA:23,1,0,1
BRDA:23,1,1,1
BRDA:32,2,0,0
BRDA:32,2,1,1
BRDA:38,3,0,1
BRDA:38,3,1,0
BRDA:63,4,0,1
BRDA:63,4,1,0
BRDA:64,5,0,1
BRDA:64,5,1,0
BRDA:85,6,0,0
BRDA:85,6,1,0
BRF:14
BRH:6
end_of_record
TN:
SF:/Users/williammriley/Sites/personal/@stellar/core/src/components/button/button.tsx
FN:3,(anonymous_0)
FN:104,(anonymous_1)
FN:127,(anonymous_2)
FN:133,(anonymous_3)
FN:135,(anonymous_4)
FN:142,(anonymous_5)
FN:144,(anonymous_6)
FN:151,(anonymous_7)
FN:153,(anonymous_8)
FN:160,(anonymous_9)
FN:162,(anonymous_10)
FN:169,(anonymous_11)
FN:171,(anonymous_12)
FN:178,(anonymous_13)
FNF:14
FNH:3
FNDA:1,(anonymous_0)
FNDA:0,(anonymous_1)
FNDA:0,(anonymous_2)
FNDA:1,(anonymous_3)
FNDA:0,(anonymous_4)
FNDA:0,(anonymous_5)
FNDA:0,(anonymous_6)
FNDA:0,(anonymous_7)
FNDA:0,(anonymous_8)
FNDA:0,(anonymous_9)
FNDA:0,(anonymous_10)
FNDA:0,(anonymous_11)
FNDA:0,(anonymous_12)
FNDA:1,(anonymous_13)
DA:1,1
DA:3,1
DA:14,1
DA:19,1
DA:24,1
DA:29,1
DA:34,1
DA:44,1
DA:49,1
DA:54,1
DA:59,1
DA:64,1
DA:69,1
DA:74,1
DA:79,1
DA:84,1
DA:89,1
DA:94,1
DA:99,1
DA:100,1
DA:102,1
DA:105,0
DA:106,0
DA:109,0
DA:110,0
DA:112,0
DA:114,0
DA:115,0
DA:119,0
DA:121,0
DA:124,0
DA:128,0
DA:134,1
DA:135,0
DA:143,0
DA:144,0
DA:152,0
DA:153,0
DA:161,0
DA:162,0
DA:170,0
DA:171,0
DA:179,1
LF:43
LH:23
BRDA:105,0,0,0
BRDA:105,0,1,0
BRDA:109,1,0,0
BRDA:109,1,1,0
BRDA:112,2,0,0
BRDA:112,2,1,0
BRDA:119,3,0,0
BRDA:119,3,1,0
BRDA:137,4,0,1
BRDA:137,4,1,0
BRDA:146,5,0,0
BRDA:146,5,1,0
BRDA:155,6,0,0
BRDA:155,6,1,0
BRDA:164,7,0,0
BRDA:164,7,1,0
BRDA:173,8,0,0
BRDA:173,8,1,0
BRDA:180,9,0,1
BRDA:180,9,1,1
BRDA:181,10,0,1
BRDA:181,10,1,0
BRDA:182,11,0,1
BRDA:182,11,1,0
BRDA:183,12,0,1
BRDA:183,12,1,0
BRDA:184,13,0,1
BRDA:184,13,1,0
BRF:28
BRH:7
end_of_record
TN:
SF:/Users/williammriley/Sites/personal/@stellar/core/src/components/card/card.tsx
FN:4,(anonymous_0)
FN:77,(anonymous_1)
FN:84,(anonymous_2)
FN:86,(anonymous_3)
FN:96,(anonymous_4)
FN:108,(anonymous_5)
FN:113,(anonymous_6)
FN:118,(anonymous_7)
FN:131,(anonymous_8)
FN:136,(anonymous_9)
FN:146,(anonymous_10)
FN:166,(anonymous_11)
FN:178,(anonymous_12)
FN:188,(anonymous_13)
FN:190,(anonymous_14)
FNF:15
FNH:1
FNDA:1,(anonymous_0)
FNDA:0,(anonymous_1)
FNDA:0,(anonymous_2)
FNDA:0,(anonymous_3)
FNDA:0,(anonymous_4)
FNDA:0,(anonymous_5)
FNDA:0,(anonymous_6)
FNDA:0,(anonymous_7)
FNDA:0,(anonymous_8)
FNDA:0,(anonymous_9)
FNDA:0,(anonymous_10)
FNDA:0,(anonymous_11)
FNDA:0,(anonymous_12)
FNDA:0,(anonymous_13)
FNDA:0,(anonymous_14)
DA:1,1
DA:2,1
DA:4,1
DA:15,1
DA:20,1
DA:25,1
DA:30,1
DA:35,1
DA:45,1
DA:50,1
DA:55,1
DA:65,1
DA:71,1
DA:73,1
DA:78,0
DA:79,0
DA:80,0
DA:81,0
DA:85,0
DA:86,0
DA:88,0
DA:89,0
DA:90,0
DA:93,0
DA:97,0
DA:98,0
DA:99,0
DA:100,0
DA:102,0
DA:103,0
DA:104,0
DA:109,0
DA:111,0
DA:113,0
DA:114,0
DA:119,0
DA:120,0
DA:121,0
DA:122,0
DA:124,0
DA:132,0
DA:134,0
DA:136,0
DA:137,0
DA:138,0
DA:147,0
DA:148,0
DA:149,0
DA:152,0
DA:153,0
DA:155,0
DA:157,0
DA:158,0
DA:162,0
DA:167,0
DA:168,0
DA:169,0
DA:172,0
DA:173,0
DA:174,0
DA:179,0
DA:187,0
DA:188,0
DA:190,0
LF:64
LH:14
BRDA:85,0,0,0
BRDA:85,0,1,0
BRDA:97,1,0,0
BRDA:97,1,1,0
BRDA:147,2,0,0
BRDA:147,2,1,0
BRDA:152,3,0,0
BRDA:152,3,1,0
BRDA:155,4,0,0
BRDA:155,4,1,0
BRDA:167,5,0,0
BRDA:167,5,1,0
BRDA:172,6,0,0
BRDA:172,6,1,0
BRDA:189,7,0,0
BRDA:189,7,1,0
BRDA:191,8,0,0
BRDA:191,8,1,0
BRDA:199,9,0,0
BRDA:199,9,1,0
BRF:20
BRH:0
end_of_record
TN:
SF:/Users/williammriley/Sites/personal/@stellar/core/src/components/copy-wrap/copy-wrap.tsx
FN:3,(anonymous_0)
FN:12,(anonymous_1)
FNF:2
FNH:1
FNDA:1,(anonymous_0)
FNDA:0,(anonymous_1)
DA:1,1
DA:3,1
DA:9,1
DA:10,1
DA:13,0
LF:5
LH:4
BRF:0
BRH:0
end_of_record
TN:
SF:/Users/williammriley/Sites/personal/@stellar/core/src/components/tooltip/tooltip.tsx
FN:3,(anonymous_0)
FN:13,(anonymous_1)
FNF:2
FNH:2
FNDA:1,(anonymous_0)
FNDA:1,(anonymous_1)
DA:1,1
DA:3,1
DA:11,1
DA:14,1
LF:4
LH:4
BRF:0
BRH:0
end_of_record
TN:
SF:/Users/williammriley/Sites/personal/@stellar/core/src/global/colors.ts
FNF:0
FNH:0
DA:2,4
LF:1
LH:1
BRF:0
BRH:0
end_of_record
TN:
SF:/Users/williammriley/Sites/personal/@stellar/core/src/utils/index.ts
FN:7,(anonymous_2)
FN:24,(anonymous_3)
FN:28,(anonymous_4)
FN:33,(anonymous_5)
FN:37,(anonymous_6)
FN:45,titleCase
FNF:6
FNH:2
FNDA:1,(anonymous_2)
FNDA:0,(anonymous_3)
FNDA:0,(anonymous_4)
FNDA:0,(anonymous_5)
FNDA:0,(anonymous_6)
FNDA:4,titleCase
DA:1,4
DA:2,4
DA:3,4
DA:5,4
DA:7,4
DA:8,1
DA:16,1
DA:24,1
DA:25,0
DA:28,1
DA:29,0
DA:30,0
DA:33,1
DA:34,0
DA:37,1
DA:38,0
DA:39,0
DA:42,1
DA:45,4
DA:46,4
DA:47,4
DA:48,10
DA:50,4
DA:54,4
DA:55,4
LF:25
LH:19
BRDA:9,0,0,1
BRDA:9,0,1,0
BRDA:10,1,0,1
BRDA:10,1,1,0
BRDA:11,2,0,1
BRDA:11,2,1,0
BRDA:13,3,0,1
BRDA:13,3,1,1
BRDA:17,4,0,1
BRDA:17,4,1,0
BRDA:18,5,0,1
BRDA:18,5,1,0
BRDA:19,6,0,1
BRDA:19,6,1,0
BRDA:21,7,0,1
BRDA:21,7,1,1
BRF:16
BRH:10
end_of_record
TN:
SF:/Users/williammriley/Sites/personal/@stellar/core/src/utils/test.ts
FN:4,(anonymous_0)
FNF:1
FNH:1
FNDA:12,(anonymous_0)
DA:1,4
DA:2,4
DA:4,4
DA:5,12
DA:9,12
DA:11,12
DA:12,12
LF:7
LH:7
BRF:0
BRH:0
end_of_record
